<?xml version="1.0" encoding="UTF-8"?>
<coverage generated="1573155140266" clover="3.2.0">
  <project timestamp="1573155140266" name="All files">
    <metrics statements="6" coveredstatements="1" conditionals="0" coveredconditionals="0" methods="3" coveredmethods="0" elements="9" coveredelements="1" complexity="0" loc="6" ncloc="6" packages="1" files="1" classes="1"/>
    <file name="ship.js" path="C:\Users\wilcockknoxa\Documents\projects\cruise-ships\src\ship.js">
      <metrics statements="6" coveredstatements="1" conditionals="0" coveredconditionals="0" methods="3" coveredmethods="0"/>
      <line num="2" count="0" type="stmt"/>
      <line num="3" count="0" type="stmt"/>
      <line num="4" count="0" type="stmt"/>
      <line num="5" count="0" type="stmt"/>
      <line num="10" count="0" type="stmt"/>
      <line num="13" count="2" type="stmt"/>
    </file>
  </project>
</coverage>
