{"C:\\Users\\wilcockknoxa\\Documents\\projects\\cruise-ships\\src\\port.js": {"path":"C:\\Users\\wilcockknoxa\\Documents\\projects\\cruise-ships\\src\\port.js","statementMap":{"0":{"start":{"line":2,"column":4},"end":{"line":2,"column":29}},"1":{"start":{"line":6,"column":0},"end":{"line":6,"column":22}}},"fnMap":{"0":{"name":"Port","decl":{"start":{"line":1,"column":9},"end":{"line":1,"column":13}},"loc":{"start":{"line":1,"column":24},"end":{"line":3,"column":1}},"line":1}},"branchMap":{},"s":{"0":2,"1":1},"f":{"0":2},"b":{},"_coverageSchema":"43e27e138ebf9cfc5966b082cf9a028302ed4184","hash":"5f307a5c203fdf18ff3ddee5544a200ab5c0ce02"}
,"C:\\Users\\wilcockknoxa\\Documents\\projects\\cruise-ships\\src\\ship.js": {"path":"C:\\Users\\wilcockknoxa\\Documents\\projects\\cruise-ships\\src\\ship.js","statementMap":{"0":{"start":{"line":2,"column":4},"end":{"line":2,"column":35}},"1":{"start":{"line":3,"column":4},"end":{"line":3,"column":21}},"2":{"start":{"line":4,"column":4},"end":{"line":6,"column":6}},"3":{"start":{"line":5,"column":8},"end":{"line":5,"column":34}},"4":{"start":{"line":9,"column":0},"end":{"line":9,"column":22}}},"fnMap":{"0":{"name":"Ship","decl":{"start":{"line":1,"column":9},"end":{"line":1,"column":13}},"loc":{"start":{"line":1,"column":33},"end":{"line":7,"column":1}},"line":1},"1":{"name":"(anonymous_1)","decl":{"start":{"line":4,"column":29},"end":{"line":4,"column":30}},"loc":{"start":{"line":4,"column":48},"end":{"line":6,"column":5}},"line":4}},"branchMap":{},"s":{"0":3,"1":3,"2":3,"3":2,"4":1},"f":{"0":3,"1":2},"b":{},"_coverageSchema":"43e27e138ebf9cfc5966b082cf9a028302ed4184","hash":"702f17d6598869737fce00339fe38396ab16feb4"}
}
